The system is: Windows - 10.0.19041 - AMD64
Compiling the CXX compiler identification source file "CMakeCXXCompilerId.cpp" succeeded.
Compiler: C:/Program Files (x86)/Microsoft Visual Studio/2019/Community/VC/Tools/MSVC/14.25.28610/bin/HostX64/x64/cl.exe 
Build flags: 
Id flags:  

The output was:
0
x64 için Microsoft (R) C/C++ İyileştirmeli Derleyicisi Sürüm 19.25.28612
Telif Hakkı (C) Microsoft Corporation. Tüm hakları saklıdır.

CMakeCXXCompilerId.cpp
Microsoft (R) Incremental Linker Version 14.25.28612.0
Copyright (C) Microsoft Corporation.  All rights reserved.

/out:CMakeCXXCompilerId.exe 
CMakeCXXCompilerId.obj 


Compilation of the CXX compiler identification source "CMakeCXXCompilerId.cpp" produced "CMakeCXXCompilerId.exe"

Compilation of the CXX compiler identification source "CMakeCXXCompilerId.cpp" produced "CMakeCXXCompilerId.obj"

The CXX compiler identification is MSVC, found in "D:/3.CENG/CENG391-İMGE ANLAMAYA GİRİŞ/hw2/03_image_processing/src/out/build/x64-Debug/CMakeFiles/3.16.19112601-MSVC_2/CompilerIdCXX/CMakeCXXCompilerId.exe"

Determining if the CXX compiler works passed with the following output:
Change Dir: D:/3.CENG/CENG391-İMGE ANLAMAYA GİRİŞ/hw2/03_image_processing/src/out/build/x64-Debug/CMakeFiles/CMakeTmp

Run Build Command(s):C:/Program Files (x86)/Microsoft Visual Studio/2019/Community/Common7/IDE/CommonExtensions/Microsoft/CMake/Ninja/ninja.exe cmTC_fb522 && [1/2] Building CXX object CMakeFiles\cmTC_fb522.dir\testCXXCompiler.cxx.obj
[2/2] Linking CXX executable cmTC_fb522.exe



Detecting CXX compiler ABI info compiled with the following output:
Change Dir: D:/3.CENG/CENG391-İMGE ANLAMAYA GİRİŞ/hw2/03_image_processing/src/out/build/x64-Debug/CMakeFiles/CMakeTmp

Run Build Command(s):C:/Program Files (x86)/Microsoft Visual Studio/2019/Community/Common7/IDE/CommonExtensions/Microsoft/CMake/Ninja/ninja.exe cmTC_129cb && [1/2] Building CXX object CMakeFiles\cmTC_129cb.dir\CMakeCXXCompilerABI.cpp.obj
[2/2] Linking CXX executable cmTC_129cb.exe



